<?xml version="1.0" encoding="UTF-8"?>
<!-- Generated by org.testng.reporters.JUnitReportReporter -->
<testsuite hostname="DESKTOP-9DEF2O9" failures="0" tests="4" name="com.herokuapp.theinternet.ExceptionsTests" time="41.330" errors="0" timestamp="05 Mar 2019 20:55:22 GMT" skipped="0">
  <testcase classname="com.herokuapp.theinternet.ExceptionsTests" name="notVisibleTest" time="10.825"/>
  <testcase classname="com.herokuapp.theinternet.ExceptionsTests" name="noSuchElementTest" time="10.904"/>
  <testcase classname="com.herokuapp.theinternet.ExceptionsTests" name="timeoutTest" time="10.584"/>
  <testcase classname="com.herokuapp.theinternet.ExceptionsTests" name="staleElementTest" time="9.017"/>
</testsuite> <!-- com.herokuapp.theinternet.ExceptionsTests -->
