<?xml version="1.0" encoding="UTF-8"?>
<!-- Generated by org.testng.reporters.JUnitReportReporter -->
<testsuite hostname="DESKTOP-9DEF2O9" failures="0" tests="1" name="com.herokuapp.theinternet.loginpagetests.PositiveLoginTests" time="6.619" errors="0" timestamp="05 Mar 2019 21:06:57 GMT" skipped="0">
  <testcase classname="com.herokuapp.theinternet.loginpagetests.PositiveLoginTests" name="logInTest" time="6.619"/>
</testsuite> <!-- com.herokuapp.theinternet.loginpagetests.PositiveLoginTests -->
