<?xml version="1.0" encoding="UTF-8"?>
<!-- Generated by org.testng.reporters.JUnitReportReporter -->
<testsuite hostname="DESKTOP-9DEF2O9" failures="0" tests="4" name="com.herokuapp.theinternet.NegativeTests" time="27.156" errors="0" timestamp="26 Feb 2019 15:35:48 GMT" skipped="0">
  <testcase classname="com.herokuapp.theinternet.NegativeTests" name="negativeTest" time="7.208"/>
  <testcase classname="com.herokuapp.theinternet.NegativeTests" name="negativeTest" time="6.143"/>
  <testcase classname="com.herokuapp.theinternet.NegativeTests" name="negativeTest" time="6.588"/>
  <testcase classname="com.herokuapp.theinternet.NegativeTests" name="negativeTest" time="7.217"/>
</testsuite> <!-- com.herokuapp.theinternet.NegativeTests -->
